<?xml version="1.0" encoding="UTF-8"?>
<testng-results skipped="0" failed="0" ignored="0" total="1" passed="1">
  <reporter-output>
  </reporter-output>
  <suite name="Suite" duration-ms="8424" started-at="2020-04-14T18:46:11 PDT" finished-at="2020-04-14T18:46:19 PDT">
    <groups>
    </groups>
    <test name="Test" duration-ms="8424" started-at="2020-04-14T18:46:11 PDT" finished-at="2020-04-14T18:46:19 PDT">
      <class name="execution.Base">
        <test-method status="PASS" signature="startup()[pri:0, instance:execution.Base@7f13d6e]" name="startup" duration-ms="8380" started-at="2020-04-14T18:46:11 PDT" finished-at="2020-04-14T18:46:19 PDT">
          <reporter-output>
          </reporter-output>
        </test-method> <!-- startup -->
      </class> <!-- execution.Base -->
    </test> <!-- Test -->
  </suite> <!-- Suite -->
</testng-results>
